0 info it worked if it ends with ok
1 verbose cli [ 'C:\\Program Files\\nodejs\\node.exe',
1 verbose cli   'C:\\Users\\Javier\\AppData\\Roaming\\npm\\node_modules\\npm\\bin\\npm-cli.js',
1 verbose cli   'start' ]
2 info using npm@3.8.1
3 info using node@v6.7.0
4 verbose run-script [ 'prestart', 'start', 'poststart' ]
5 info lifecycle aulavirtual@0.0.1~prestart: aulavirtual@0.0.1
6 silly lifecycle aulavirtual@0.0.1~prestart: no script for prestart, continuing
7 info lifecycle aulavirtual@0.0.1~start: aulavirtual@0.0.1
8 verbose lifecycle aulavirtual@0.0.1~start: unsafe-perm in lifecycle true
9 verbose lifecycle aulavirtual@0.0.1~start: PATH: C:\Users\Javier\AppData\Roaming\npm\node_modules\npm\bin\node-gyp-bin;C:\xampp\htdocs\aulaVServidor\node_modules\.bin;C:\Program Files\nodejs;C:\Windows\system32;C:\Windows;C:\Windows\System32\Wbem;C:\Windows\System32\WindowsPowerShell\v1.0\;C:\xampp\php;C:\ProgramData\ComposerSetup\bin;C:\Program Files\Git\cmd;C:\Program Files\nodejs\;C:\Ruby23\bin;C:\Users\Javier\AppData\Roaming\npm ;C:\OpenCV\build\x64\vc12\bin;C:\Users\Javier\AppData\Local\Programs\Python\Python35-32\;C:\Users\Javier\AppData\Local\Programs\Python\Python35-32\\Lib;C:\Users\Javier\AppData\Local\Programs\Python\Python35-32\\DLLs;C:\Users\Javier\AppData\Local\Programs\Python\Python35-32\\Lib\lib-tk;C:\Users\Javier\AppData\Roaming\npm;C:\Users\Javier\AppData\Roaming\Composer\vendor\bin;C:\Program Files\Brackets\command;C:\Ruby23\bin;C:\Users\Javier\AppData\Roaming\npm ;C:\OpenCV\build\x64\vc12\bin;C:\Users\Javier\AppData\Local\Programs\Python\Python35-32\;C:\Users\Javier\AppData\Local\Programs\Python\Python35-32\\Lib;C:\Users\Javier\AppData\Local\Programs\Python\Python35-32\\DLLs;C:\Users\Javier\AppData\Local\Programs\Python\Python35-32\\Lib\lib-tk;C:\Users\Javier\AppData\Roaming\npm;
10 verbose lifecycle aulavirtual@0.0.1~start: CWD: C:\xampp\htdocs\aulaVServidor
11 silly lifecycle aulavirtual@0.0.1~start: Args: [ '/d /s /c', 'node app.js' ]
12 silly lifecycle aulavirtual@0.0.1~start: Returned: code: 1  signal: null
13 info lifecycle aulavirtual@0.0.1~start: Failed to exec start script
14 verbose stack Error: aulavirtual@0.0.1 start: `node app.js`
14 verbose stack Exit status 1
14 verbose stack     at EventEmitter.<anonymous> (C:\Users\Javier\AppData\Roaming\npm\node_modules\npm\lib\utils\lifecycle.js:239:16)
14 verbose stack     at emitTwo (events.js:106:13)
14 verbose stack     at EventEmitter.emit (events.js:191:7)
14 verbose stack     at ChildProcess.<anonymous> (C:\Users\Javier\AppData\Roaming\npm\node_modules\npm\lib\utils\spawn.js:24:14)
14 verbose stack     at emitTwo (events.js:106:13)
14 verbose stack     at ChildProcess.emit (events.js:191:7)
14 verbose stack     at maybeClose (internal/child_process.js:877:16)
14 verbose stack     at Process.ChildProcess._handle.onexit (internal/child_process.js:226:5)
15 verbose pkgid aulavirtual@0.0.1
16 verbose cwd C:\xampp\htdocs\aulaVServidor
17 error Windows_NT 6.1.7601
18 error argv "C:\\Program Files\\nodejs\\node.exe" "C:\\Users\\Javier\\AppData\\Roaming\\npm\\node_modules\\npm\\bin\\npm-cli.js" "start"
19 error node v6.7.0
20 error npm  v3.8.1
21 error code ELIFECYCLE
22 error aulavirtual@0.0.1 start: `node app.js`
22 error Exit status 1
23 error Failed at the aulavirtual@0.0.1 start script 'node app.js'.
23 error Make sure you have the latest version of node.js and npm installed.
23 error If you do, this is most likely a problem with the aulavirtual package,
23 error not with npm itself.
23 error Tell the author that this fails on your system:
23 error     node app.js
23 error You can get information on how to open an issue for this project with:
23 error     npm bugs aulavirtual
23 error Or if that isn't available, you can get their info via:
23 error     npm owner ls aulavirtual
23 error There is likely additional logging output above.
24 verbose exit [ 1, true ]
